<?xml version="1.0" encoding="UTF-8"?>
<testsuite xmlns:xsi="http://www.w3.org/2001/XMLSchema-instance" xsi:noNamespaceSchemaLocation="https://maven.apache.org/surefire/maven-surefire-plugin/xsd/surefire-test-report.xsd" name="com.ns.rivier.tokenvault.TokenvaultApplicationTests" time="7.71" tests="1" errors="0" skipped="0" failures="0">
  <properties>
    <property name="sun.desktop" value="windows"/>
    <property name="awt.toolkit" value="sun.awt.windows.WToolkit"/>
    <property name="java.specification.version" value="11"/>
    <property name="sun.cpu.isalist" value="amd64"/>
    <property name="sun.jnu.encoding" value="Cp1252"/>
    <property name="java.class.path" value="C:\workspace\ns\AzureFunction\target\test-classes;C:\workspace\ns\AzureFunction\target\classes;C:\Users\Rajul Jain\.m2\repository\org\springframework\cloud\spring-cloud-function-adapter-azure\3.1.5\spring-cloud-function-adapter-azure-3.1.5.jar;C:\Users\Rajul Jain\.m2\repository\org\springframework\cloud\spring-cloud-function-context\3.1.5\spring-cloud-function-context-3.1.5.jar;C:\Users\Rajul Jain\.m2\repository\net\jodah\typetools\0.6.2\typetools-0.6.2.jar;C:\Users\Rajul Jain\.m2\repository\org\springframework\boot\spring-boot-autoconfigure\2.5.6\spring-boot-autoconfigure-2.5.6.jar;C:\Users\Rajul Jain\.m2\repository\org\springframework\cloud\spring-cloud-function-core\3.1.5\spring-cloud-function-core-3.1.5.jar;C:\Users\Rajul Jain\.m2\repository\org\springframework\spring-messaging\5.3.12\spring-messaging-5.3.12.jar;C:\Users\Rajul Jain\.m2\repository\com\fasterxml\jackson\core\jackson-databind\2.12.5\jackson-databind-2.12.5.jar;C:\Users\Rajul Jain\.m2\repository\com\fasterxml\jackson\core\jackson-annotations\2.12.5\jackson-annotations-2.12.5.jar;C:\Users\Rajul Jain\.m2\repository\com\fasterxml\jackson\core\jackson-core\2.12.5\jackson-core-2.12.5.jar;C:\Users\Rajul Jain\.m2\repository\org\springframework\boot\spring-boot-starter\2.5.6\spring-boot-starter-2.5.6.jar;C:\Users\Rajul Jain\.m2\repository\org\springframework\boot\spring-boot\2.5.6\spring-boot-2.5.6.jar;C:\Users\Rajul Jain\.m2\repository\org\springframework\boot\spring-boot-starter-logging\2.5.6\spring-boot-starter-logging-2.5.6.jar;C:\Users\Rajul Jain\.m2\repository\ch\qos\logback\logback-classic\1.2.6\logback-classic-1.2.6.jar;C:\Users\Rajul Jain\.m2\repository\ch\qos\logback\logback-core\1.2.6\logback-core-1.2.6.jar;C:\Users\Rajul Jain\.m2\repository\org\apache\logging\log4j\log4j-to-slf4j\2.14.1\log4j-to-slf4j-2.14.1.jar;C:\Users\Rajul Jain\.m2\repository\org\apache\logging\log4j\log4j-api\2.14.1\log4j-api-2.14.1.jar;C:\Users\Rajul Jain\.m2\repository\org\slf4j\jul-to-slf4j\1.7.32\jul-to-slf4j-1.7.32.jar;C:\Users\Rajul Jain\.m2\repository\jakarta\annotation\jakarta.annotation-api\1.3.5\jakarta.annotation-api-1.3.5.jar;C:\Users\Rajul Jain\.m2\repository\org\yaml\snakeyaml\1.28\snakeyaml-1.28.jar;C:\Users\Rajul Jain\.m2\repository\io\projectreactor\reactor-core\3.4.11\reactor-core-3.4.11.jar;C:\Users\Rajul Jain\.m2\repository\org\reactivestreams\reactive-streams\1.0.3\reactive-streams-1.0.3.jar;C:\Users\Rajul Jain\.m2\repository\com\microsoft\azure\functions\azure-functions-java-library\1.4.2\azure-functions-java-library-1.4.2.jar;C:\Users\Rajul Jain\.m2\repository\javax\annotation\javax.annotation-api\1.3.2\javax.annotation-api-1.3.2.jar;C:\Users\Rajul Jain\.m2\repository\org\springframework\cloud\spring-cloud-starter-function-web\3.1.5\spring-cloud-starter-function-web-3.1.5.jar;C:\Users\Rajul Jain\.m2\repository\org\springframework\cloud\spring-cloud-function-web\3.1.5\spring-cloud-function-web-3.1.5.jar;C:\Users\Rajul Jain\.m2\repository\org\springframework\boot\spring-boot-starter-web\2.5.6\spring-boot-starter-web-2.5.6.jar;C:\Users\Rajul Jain\.m2\repository\org\springframework\boot\spring-boot-starter-json\2.5.6\spring-boot-starter-json-2.5.6.jar;C:\Users\Rajul Jain\.m2\repository\org\springframework\boot\spring-boot-starter-tomcat\2.5.6\spring-boot-starter-tomcat-2.5.6.jar;C:\Users\Rajul Jain\.m2\repository\org\apache\tomcat\embed\tomcat-embed-core\9.0.54\tomcat-embed-core-9.0.54.jar;C:\Users\Rajul Jain\.m2\repository\org\apache\tomcat\embed\tomcat-embed-el\9.0.54\tomcat-embed-el-9.0.54.jar;C:\Users\Rajul Jain\.m2\repository\org\apache\tomcat\embed\tomcat-embed-websocket\9.0.54\tomcat-embed-websocket-9.0.54.jar;C:\Users\Rajul Jain\.m2\repository\org\springframework\spring-web\5.3.12\spring-web-5.3.12.jar;C:\Users\Rajul Jain\.m2\repository\org\springframework\spring-webmvc\5.3.12\spring-webmvc-5.3.12.jar;C:\Users\Rajul Jain\.m2\repository\org\springframework\spring-aop\5.3.12\spring-aop-5.3.12.jar;C:\Users\Rajul Jain\.m2\repository\org\springframework\boot\spring-boot-starter-test\2.5.6\spring-boot-starter-test-2.5.6.jar;C:\Users\Rajul Jain\.m2\repository\org\springframework\boot\spring-boot-test\2.5.6\spring-boot-test-2.5.6.jar;C:\Users\Rajul Jain\.m2\repository\org\springframework\boot\spring-boot-test-autoconfigure\2.5.6\spring-boot-test-autoconfigure-2.5.6.jar;C:\Users\Rajul Jain\.m2\repository\com\jayway\jsonpath\json-path\2.5.0\json-path-2.5.0.jar;C:\Users\Rajul Jain\.m2\repository\net\minidev\json-smart\2.4.7\json-smart-2.4.7.jar;C:\Users\Rajul Jain\.m2\repository\net\minidev\accessors-smart\2.4.7\accessors-smart-2.4.7.jar;C:\Users\Rajul Jain\.m2\repository\org\ow2\asm\asm\9.1\asm-9.1.jar;C:\Users\Rajul Jain\.m2\repository\org\slf4j\slf4j-api\1.7.32\slf4j-api-1.7.32.jar;C:\Users\Rajul Jain\.m2\repository\jakarta\xml\bind\jakarta.xml.bind-api\2.3.3\jakarta.xml.bind-api-2.3.3.jar;C:\Users\Rajul Jain\.m2\repository\jakarta\activation\jakarta.activation-api\1.2.2\jakarta.activation-api-1.2.2.jar;C:\Users\Rajul Jain\.m2\repository\org\assertj\assertj-core\3.19.0\assertj-core-3.19.0.jar;C:\Users\Rajul Jain\.m2\repository\org\hamcrest\hamcrest\2.2\hamcrest-2.2.jar;C:\Users\Rajul Jain\.m2\repository\org\junit\jupiter\junit-jupiter\5.7.2\junit-jupiter-5.7.2.jar;C:\Users\Rajul Jain\.m2\repository\org\junit\jupiter\junit-jupiter-params\5.7.2\junit-jupiter-params-5.7.2.jar;C:\Users\Rajul Jain\.m2\repository\org\junit\jupiter\junit-jupiter-engine\5.7.2\junit-jupiter-engine-5.7.2.jar;C:\Users\Rajul Jain\.m2\repository\org\junit\platform\junit-platform-engine\1.7.2\junit-platform-engine-1.7.2.jar;C:\Users\Rajul Jain\.m2\repository\org\mockito\mockito-core\3.9.0\mockito-core-3.9.0.jar;C:\Users\Rajul Jain\.m2\repository\net\bytebuddy\byte-buddy\1.10.22\byte-buddy-1.10.22.jar;C:\Users\Rajul Jain\.m2\repository\net\bytebuddy\byte-buddy-agent\1.10.22\byte-buddy-agent-1.10.22.jar;C:\Users\Rajul Jain\.m2\repository\org\objenesis\objenesis\3.2\objenesis-3.2.jar;C:\Users\Rajul Jain\.m2\repository\org\mockito\mockito-junit-jupiter\3.9.0\mockito-junit-jupiter-3.9.0.jar;C:\Users\Rajul Jain\.m2\repository\org\skyscreamer\jsonassert\1.5.0\jsonassert-1.5.0.jar;C:\Users\Rajul Jain\.m2\repository\com\vaadin\external\google\android-json\0.0.20131108.vaadin1\android-json-0.0.20131108.vaadin1.jar;C:\Users\Rajul Jain\.m2\repository\org\springframework\spring-core\5.3.12\spring-core-5.3.12.jar;C:\Users\Rajul Jain\.m2\repository\org\springframework\spring-jcl\5.3.12\spring-jcl-5.3.12.jar;C:\Users\Rajul Jain\.m2\repository\org\springframework\spring-test\5.3.12\spring-test-5.3.12.jar;C:\Users\Rajul Jain\.m2\repository\org\xmlunit\xmlunit-core\2.8.3\xmlunit-core-2.8.3.jar;C:\Users\Rajul Jain\.m2\repository\org\junit\jupiter\junit-jupiter-api\5.7.0\junit-jupiter-api-5.7.0.jar;C:\Users\Rajul Jain\.m2\repository\org\apiguardian\apiguardian-api\1.1.0\apiguardian-api-1.1.0.jar;C:\Users\Rajul Jain\.m2\repository\org\opentest4j\opentest4j\1.2.0\opentest4j-1.2.0.jar;C:\Users\Rajul Jain\.m2\repository\org\junit\platform\junit-platform-commons\1.7.2\junit-platform-commons-1.7.2.jar;C:\Users\Rajul Jain\.m2\repository\io\gatling\highcharts\gatling-charts-highcharts\3.5.0\gatling-charts-highcharts-3.5.0.jar;C:\Users\Rajul Jain\.m2\repository\org\scala-lang\scala-library\2.13.3\scala-library-2.13.3.jar;C:\Users\Rajul Jain\.m2\repository\io\gatling\gatling-app\3.5.0\gatling-app-3.5.0.jar;C:\Users\Rajul Jain\.m2\repository\io\gatling\gatling-core\3.5.0\gatling-core-3.5.0.jar;C:\Users\Rajul Jain\.m2\repository\io\gatling\gatling-commons\3.5.0\gatling-commons-3.5.0.jar;C:\Users\Rajul Jain\.m2\repository\io\gatling\gatling-commons-shared\3.5.0\gatling-commons-shared-3.5.0.jar;C:\Users\Rajul Jain\.m2\repository\org\scala-lang\scala-reflect\2.13.3\scala-reflect-2.13.3.jar;C:\Users\Rajul Jain\.m2\repository\io\suzaku\boopickle_2.13\1.3.3\boopickle_2.13-1.3.3.jar;C:\Users\Rajul Jain\.m2\repository\io\gatling\gatling-commons-shared-unstable\3.5.0\gatling-commons-shared-unstable-3.5.0.jar;C:\Users\Rajul Jain\.m2\repository\org\typelevel\spire-macros_2.13\0.17.0\spire-macros_2.13-0.17.0.jar;C:\Users\Rajul Jain\.m2\repository\com\typesafe\scala-logging\scala-logging_2.13\3.9.2\scala-logging_2.13-3.9.2.jar;C:\Users\Rajul Jain\.m2\repository\io\gatling\gatling-jsonpath\3.5.0\gatling-jsonpath-3.5.0.jar;C:\Users\Rajul Jain\.m2\repository\com\typesafe\akka\akka-slf4j_2.13\2.6.10\akka-slf4j_2.13-2.6.10.jar;C:\Users\Rajul Jain\.m2\repository\org\simpleflatmapper\lightning-csv\8.2.3\lightning-csv-8.2.3.jar;C:\Users\Rajul Jain\.m2\repository\org\simpleflatmapper\sfm-util\8.2.3\sfm-util-8.2.3.jar;C:\Users\Rajul Jain\.m2\repository\com\github\ben-manes\caffeine\caffeine\2.9.2\caffeine-2.9.2.jar;C:\Users\Rajul Jain\.m2\repository\org\checkerframework\checker-qual\3.10.0\checker-qual-3.10.0.jar;C:\Users\Rajul Jain\.m2\repository\com\google\errorprone\error_prone_annotations\2.5.1\error_prone_annotations-2.5.1.jar;C:\Users\Rajul Jain\.m2\repository\io\pebbletemplates\pebble\3.1.4\pebble-3.1.4.jar;C:\Users\Rajul Jain\.m2\repository\org\unbescape\unbescape\1.1.6.RELEASE\unbescape-1.1.6.RELEASE.jar;C:\Users\Rajul Jain\.m2\repository\org\scala-lang\modules\scala-parser-combinators_2.13\1.1.2\scala-parser-combinators_2.13-1.1.2.jar;C:\Users\Rajul Jain\.m2\repository\com\github\scopt\scopt_2.13\3.7.1\scopt_2.13-3.7.1.jar;C:\Users\Rajul Jain\.m2\repository\io\netty\netty-handler\4.1.69.Final\netty-handler-4.1.69.Final.jar;C:\Users\Rajul Jain\.m2\repository\io\netty\netty-resolver\4.1.69.Final\netty-resolver-4.1.69.Final.jar;C:\Users\Rajul Jain\.m2\repository\com\softwaremill\quicklens\quicklens_2.13\1.6.1\quicklens_2.13-1.6.1.jar;C:\Users\Rajul Jain\.m2\repository\net\sf\saxon\Saxon-HE\10.3\Saxon-HE-10.3.jar;C:\Users\Rajul Jain\.m2\repository\org\jodd\jodd-lagarto\6.0.2\jodd-lagarto-6.0.2.jar;C:\Users\Rajul Jain\.m2\repository\org\jodd\jodd-util\6.0.0\jodd-util-6.0.0.jar;C:\Users\Rajul Jain\.m2\repository\io\burt\jmespath-jackson\0.5.0\jmespath-jackson-0.5.0.jar;C:\Users\Rajul Jain\.m2\repository\io\burt\jmespath-core\0.5.0\jmespath-core-0.5.0.jar;C:\Users\Rajul Jain\.m2\repository\io\gatling\gatling-http\3.5.0\gatling-http-3.5.0.jar;C:\Users\Rajul Jain\.m2\repository\io\gatling\gatling-http-client\3.5.0\gatling-http-client-3.5.0.jar;C:\Users\Rajul Jain\.m2\repository\io\gatling\gatling-netty-util\3.5.0\gatling-netty-util-3.5.0.jar;C:\Users\Rajul Jain\.m2\repository\io\netty\netty-handler-proxy\4.1.69.Final\netty-handler-proxy-4.1.69.Final.jar;C:\Users\Rajul Jain\.m2\repository\io\netty\netty-codec-socks\4.1.69.Final\netty-codec-socks-4.1.69.Final.jar;C:\Users\Rajul Jain\.m2\repository\io\netty\netty-resolver-dns\4.1.69.Final\netty-resolver-dns-4.1.69.Final.jar;C:\Users\Rajul Jain\.m2\repository\io\netty\netty-codec-dns\4.1.69.Final\netty-codec-dns-4.1.69.Final.jar;C:\Users\Rajul Jain\.m2\repository\io\netty\netty-transport-native-epoll\4.1.69.Final\netty-transport-native-epoll-4.1.69.Final-linux-x86_64.jar;C:\Users\Rajul Jain\.m2\repository\io\netty\netty-codec-http2\4.1.69.Final\netty-codec-http2-4.1.69.Final.jar;C:\Users\Rajul Jain\.m2\repository\io\netty\netty-tcnative-boringssl-static\2.0.44.Final\netty-tcnative-boringssl-static-2.0.44.Final.jar;C:\Users\Rajul Jain\.m2\repository\io\gatling\gatling-jms\3.5.0\gatling-jms-3.5.0.jar;C:\Users\Rajul Jain\.m2\repository\javax\jms\javax.jms-api\2.0.1\javax.jms-api-2.0.1.jar;C:\Users\Rajul Jain\.m2\repository\com\eatthepath\fast-uuid\0.1\fast-uuid-0.1.jar;C:\Users\Rajul Jain\.m2\repository\io\gatling\gatling-jdbc\3.5.0\gatling-jdbc-3.5.0.jar;C:\Users\Rajul Jain\.m2\repository\io\gatling\gatling-redis\3.5.0\gatling-redis-3.5.0.jar;C:\Users\Rajul Jain\.m2\repository\net\debasishg\redisclient_2.13\3.30\redisclient_2.13-3.30.jar;C:\Users\Rajul Jain\.m2\repository\org\apache\commons\commons-pool2\2.9.0\commons-pool2-2.9.0.jar;C:\Users\Rajul Jain\.m2\repository\io\gatling\gatling-graphite\3.5.0\gatling-graphite-3.5.0.jar;C:\Users\Rajul Jain\.m2\repository\org\hdrhistogram\HdrHistogram\2.1.12\HdrHistogram-2.1.12.jar;C:\Users\Rajul Jain\.m2\repository\io\gatling\gatling-charts\3.5.0\gatling-charts-3.5.0.jar;C:\Users\Rajul Jain\.m2\repository\com\tdunning\t-digest\3.1\t-digest-3.1.jar;C:\Users\Rajul Jain\.m2\repository\io\gatling\gatling-recorder\3.5.0\gatling-recorder-3.5.0.jar;C:\Users\Rajul Jain\.m2\repository\org\scala-lang\modules\scala-swing_2.13\3.0.0\scala-swing_2.13-3.0.0.jar;C:\Users\Rajul Jain\.m2\repository\org\bouncycastle\bcpkix-jdk15on\1.67\bcpkix-jdk15on-1.67.jar;C:\Users\Rajul Jain\.m2\repository\org\bouncycastle\bcprov-jdk15on\1.67\bcprov-jdk15on-1.67.jar;C:\Users\Rajul Jain\.m2\repository\io\netty\netty-codec-http\4.1.69.Final\netty-codec-http-4.1.69.Final.jar;C:\Users\Rajul Jain\.m2\repository\io\netty\netty-common\4.1.69.Final\netty-common-4.1.69.Final.jar;C:\Users\Rajul Jain\.m2\repository\io\netty\netty-buffer\4.1.69.Final\netty-buffer-4.1.69.Final.jar;C:\Users\Rajul Jain\.m2\repository\io\netty\netty-transport\4.1.69.Final\netty-transport-4.1.69.Final.jar;C:\Users\Rajul Jain\.m2\repository\io\netty\netty-codec\4.1.69.Final\netty-codec-4.1.69.Final.jar;C:\Users\Rajul Jain\.m2\repository\com\typesafe\akka\akka-actor_2.13\2.6.10\akka-actor_2.13-2.6.10.jar;C:\Users\Rajul Jain\.m2\repository\com\typesafe\config\1.4.0\config-1.4.0.jar;C:\Users\Rajul Jain\.m2\repository\org\scala-lang\modules\scala-java8-compat_2.13\0.9.0\scala-java8-compat_2.13-0.9.0.jar;C:\Users\Rajul Jain\.m2\repository\com\google\code\gson\gson\2.9.0\gson-2.9.0.jar;C:\Users\Rajul Jain\.m2\repository\org\projectlombok\lombok\1.18.22\lombok-1.18.22.jar;C:\Users\Rajul Jain\.m2\repository\com\azure\spring\spring-cloud-azure-starter-data-cosmos\4.0.0\spring-cloud-azure-starter-data-cosmos-4.0.0.jar;C:\Users\Rajul Jain\.m2\repository\com\azure\spring\spring-cloud-azure-starter\4.0.0\spring-cloud-azure-starter-4.0.0.jar;C:\Users\Rajul Jain\.m2\repository\com\azure\spring\spring-cloud-azure-autoconfigure\4.0.0\spring-cloud-azure-autoconfigure-4.0.0.jar;C:\Users\Rajul Jain\.m2\repository\com\azure\spring\spring-cloud-azure-service\4.0.0\spring-cloud-azure-service-4.0.0.jar;C:\Users\Rajul Jain\.m2\repository\com\azure\spring\spring-cloud-azure-core\4.0.0\spring-cloud-azure-core-4.0.0.jar;C:\Users\Rajul Jain\.m2\repository\com\azure\azure-identity\1.4.6\azure-identity-1.4.6.jar;C:\Users\Rajul Jain\.m2\repository\com\microsoft\azure\msal4j\1.11.0\msal4j-1.11.0.jar;C:\Users\Rajul Jain\.m2\repository\com\nimbusds\oauth2-oidc-sdk\9.9.1\oauth2-oidc-sdk-9.9.1.jar;C:\Users\Rajul Jain\.m2\repository\com\github\stephenc\jcip\jcip-annotations\1.0-1\jcip-annotations-1.0-1.jar;C:\Users\Rajul Jain\.m2\repository\com\nimbusds\content-type\2.1\content-type-2.1.jar;C:\Users\Rajul Jain\.m2\repository\com\nimbusds\lang-tag\1.5\lang-tag-1.5.jar;C:\Users\Rajul Jain\.m2\repository\com\nimbusds\nimbus-jose-jwt\9.10.1\nimbus-jose-jwt-9.10.1.jar;C:\Users\Rajul Jain\.m2\repository\com\microsoft\azure\msal4j-persistence-extension\1.1.0\msal4j-persistence-extension-1.1.0.jar;C:\Users\Rajul Jain\.m2\repository\net\java\dev\jna\jna\5.5.0\jna-5.5.0.jar;C:\Users\Rajul Jain\.m2\repository\net\java\dev\jna\jna-platform\5.6.0\jna-platform-5.6.0.jar;C:\Users\Rajul Jain\.m2\repository\com\azure\azure-core-amqp\2.4.1\azure-core-amqp-2.4.1.jar;C:\Users\Rajul Jain\.m2\repository\com\microsoft\azure\qpid-proton-j-extensions\1.2.4\qpid-proton-j-extensions-1.2.4.jar;C:\Users\Rajul Jain\.m2\repository\org\apache\qpid\proton-j\0.33.8\proton-j-0.33.8.jar;C:\Users\Rajul Jain\.m2\repository\com\azure\azure-core-management\1.5.3\azure-core-management-1.5.3.jar;C:\Users\Rajul Jain\.m2\repository\jakarta\validation\jakarta.validation-api\2.0.2\jakarta.validation-api-2.0.2.jar;C:\Users\Rajul Jain\.m2\repository\com\azure\azure-spring-data-cosmos\3.19.0\azure-spring-data-cosmos-3.19.0.jar;C:\Users\Rajul Jain\.m2\repository\org\springframework\spring-beans\5.3.12\spring-beans-5.3.12.jar;C:\Users\Rajul Jain\.m2\repository\org\springframework\spring-context\5.3.12\spring-context-5.3.12.jar;C:\Users\Rajul Jain\.m2\repository\org\springframework\spring-tx\5.3.12\spring-tx-5.3.12.jar;C:\Users\Rajul Jain\.m2\repository\org\springframework\data\spring-data-commons\2.5.6\spring-data-commons-2.5.6.jar;C:\Users\Rajul Jain\.m2\repository\org\springframework\spring-expression\5.3.12\spring-expression-5.3.12.jar;C:\Users\Rajul Jain\.m2\repository\com\azure\azure-cosmos\4.27.0\azure-cosmos-4.27.0.jar;C:\Users\Rajul Jain\.m2\repository\com\azure\azure-core\1.26.0\azure-core-1.26.0.jar;C:\Users\Rajul Jain\.m2\repository\com\fasterxml\jackson\dataformat\jackson-dataformat-xml\2.12.5\jackson-dataformat-xml-2.12.5.jar;C:\Users\Rajul Jain\.m2\repository\com\fasterxml\jackson\module\jackson-module-jaxb-annotations\2.12.5\jackson-module-jaxb-annotations-2.12.5.jar;C:\Users\Rajul Jain\.m2\repository\org\codehaus\woodstox\stax2-api\4.2.1\stax2-api-4.2.1.jar;C:\Users\Rajul Jain\.m2\repository\com\fasterxml\woodstox\woodstox-core\6.2.4\woodstox-core-6.2.4.jar;C:\Users\Rajul Jain\.m2\repository\com\azure\azure-core-http-netty\1.11.8\azure-core-http-netty-1.11.8.jar;C:\Users\Rajul Jain\.m2\repository\io\netty\netty-transport-native-unix-common\4.1.69.Final\netty-transport-native-unix-common-4.1.69.Final.jar;C:\Users\Rajul Jain\.m2\repository\io\netty\netty-transport-native-kqueue\4.1.69.Final\netty-transport-native-kqueue-4.1.69.Final-osx-x86_64.jar;C:\Users\Rajul Jain\.m2\repository\io\projectreactor\netty\reactor-netty-http\1.0.12\reactor-netty-http-1.0.12.jar;C:\Users\Rajul Jain\.m2\repository\io\netty\netty-resolver-dns-native-macos\4.1.69.Final\netty-resolver-dns-native-macos-4.1.69.Final-osx-x86_64.jar;C:\Users\Rajul Jain\.m2\repository\io\projectreactor\netty\reactor-netty-core\1.0.12\reactor-netty-core-1.0.12.jar;C:\Users\Rajul Jain\.m2\repository\com\fasterxml\jackson\module\jackson-module-afterburner\2.12.5\jackson-module-afterburner-2.12.5.jar;C:\Users\Rajul Jain\.m2\repository\io\dropwizard\metrics\metrics-core\4.1.26\metrics-core-4.1.26.jar;C:\Users\Rajul Jain\.m2\repository\io\micrometer\micrometer-core\1.7.5\micrometer-core-1.7.5.jar;C:\Users\Rajul Jain\.m2\repository\org\latencyutils\LatencyUtils\2.0.3\LatencyUtils-2.0.3.jar;C:\Users\Rajul Jain\.m2\repository\com\fasterxml\jackson\module\jackson-module-parameter-names\2.12.5\jackson-module-parameter-names-2.12.5.jar;C:\Users\Rajul Jain\.m2\repository\com\fasterxml\jackson\datatype\jackson-datatype-jdk8\2.12.5\jackson-datatype-jdk8-2.12.5.jar;C:\Users\Rajul Jain\.m2\repository\com\fasterxml\jackson\datatype\jackson-datatype-jsr310\2.12.5\jackson-datatype-jsr310-2.12.5.jar;C:\Users\Rajul Jain\.m2\repository\org\javatuples\javatuples\1.2\javatuples-1.2.jar;C:\Users\Rajul Jain\.m2\repository\org\apache\commons\commons-lang3\3.12.0\commons-lang3-3.12.0.jar;"/>
    <property name="java.vm.vendor" value="Oracle Corporation"/>
    <property name="sun.arch.data.model" value="64"/>
    <property name="user.variant" value=""/>
    <property name="java.vendor.url" value="https://openjdk.java.net/"/>
    <property name="user.timezone" value="Europe/Berlin"/>
    <property name="user.country.format" value="NL"/>
    <property name="java.vm.specification.version" value="11"/>
    <property name="os.name" value="Windows 10"/>
    <property name="sun.java.launcher" value="SUN_STANDARD"/>
    <property name="user.country" value="GB"/>
    <property name="sun.boot.library.path" value="C:\Program Files\Java\jdk-11.0.13\bin"/>
    <property name="sun.java.command" value="C:\Users\RAJULJ~1\AppData\Local\Temp\surefire8792961586393837502\surefirebooter6586355884172970658.jar C:\Users\Rajul Jain\AppData\Local\Temp\surefire8792961586393837502 2022-04-07T13-09-04_398-jvmRun1 surefire475084815953542135tmp surefire_013606872431335746036tmp"/>
    <property name="jdk.debug" value="release"/>
    <property name="surefire.test.class.path" value="C:\workspace\ns\AzureFunction\target\test-classes;C:\workspace\ns\AzureFunction\target\classes;C:\Users\Rajul Jain\.m2\repository\org\springframework\cloud\spring-cloud-function-adapter-azure\3.1.5\spring-cloud-function-adapter-azure-3.1.5.jar;C:\Users\Rajul Jain\.m2\repository\org\springframework\cloud\spring-cloud-function-context\3.1.5\spring-cloud-function-context-3.1.5.jar;C:\Users\Rajul Jain\.m2\repository\net\jodah\typetools\0.6.2\typetools-0.6.2.jar;C:\Users\Rajul Jain\.m2\repository\org\springframework\boot\spring-boot-autoconfigure\2.5.6\spring-boot-autoconfigure-2.5.6.jar;C:\Users\Rajul Jain\.m2\repository\org\springframework\cloud\spring-cloud-function-core\3.1.5\spring-cloud-function-core-3.1.5.jar;C:\Users\Rajul Jain\.m2\repository\org\springframework\spring-messaging\5.3.12\spring-messaging-5.3.12.jar;C:\Users\Rajul Jain\.m2\repository\com\fasterxml\jackson\core\jackson-databind\2.12.5\jackson-databind-2.12.5.jar;C:\Users\Rajul Jain\.m2\repository\com\fasterxml\jackson\core\jackson-annotations\2.12.5\jackson-annotations-2.12.5.jar;C:\Users\Rajul Jain\.m2\repository\com\fasterxml\jackson\core\jackson-core\2.12.5\jackson-core-2.12.5.jar;C:\Users\Rajul Jain\.m2\repository\org\springframework\boot\spring-boot-starter\2.5.6\spring-boot-starter-2.5.6.jar;C:\Users\Rajul Jain\.m2\repository\org\springframework\boot\spring-boot\2.5.6\spring-boot-2.5.6.jar;C:\Users\Rajul Jain\.m2\repository\org\springframework\boot\spring-boot-starter-logging\2.5.6\spring-boot-starter-logging-2.5.6.jar;C:\Users\Rajul Jain\.m2\repository\ch\qos\logback\logback-classic\1.2.6\logback-classic-1.2.6.jar;C:\Users\Rajul Jain\.m2\repository\ch\qos\logback\logback-core\1.2.6\logback-core-1.2.6.jar;C:\Users\Rajul Jain\.m2\repository\org\apache\logging\log4j\log4j-to-slf4j\2.14.1\log4j-to-slf4j-2.14.1.jar;C:\Users\Rajul Jain\.m2\repository\org\apache\logging\log4j\log4j-api\2.14.1\log4j-api-2.14.1.jar;C:\Users\Rajul Jain\.m2\repository\org\slf4j\jul-to-slf4j\1.7.32\jul-to-slf4j-1.7.32.jar;C:\Users\Rajul Jain\.m2\repository\jakarta\annotation\jakarta.annotation-api\1.3.5\jakarta.annotation-api-1.3.5.jar;C:\Users\Rajul Jain\.m2\repository\org\yaml\snakeyaml\1.28\snakeyaml-1.28.jar;C:\Users\Rajul Jain\.m2\repository\io\projectreactor\reactor-core\3.4.11\reactor-core-3.4.11.jar;C:\Users\Rajul Jain\.m2\repository\org\reactivestreams\reactive-streams\1.0.3\reactive-streams-1.0.3.jar;C:\Users\Rajul Jain\.m2\repository\com\microsoft\azure\functions\azure-functions-java-library\1.4.2\azure-functions-java-library-1.4.2.jar;C:\Users\Rajul Jain\.m2\repository\javax\annotation\javax.annotation-api\1.3.2\javax.annotation-api-1.3.2.jar;C:\Users\Rajul Jain\.m2\repository\org\springframework\cloud\spring-cloud-starter-function-web\3.1.5\spring-cloud-starter-function-web-3.1.5.jar;C:\Users\Rajul Jain\.m2\repository\org\springframework\cloud\spring-cloud-function-web\3.1.5\spring-cloud-function-web-3.1.5.jar;C:\Users\Rajul Jain\.m2\repository\org\springframework\boot\spring-boot-starter-web\2.5.6\spring-boot-starter-web-2.5.6.jar;C:\Users\Rajul Jain\.m2\repository\org\springframework\boot\spring-boot-starter-json\2.5.6\spring-boot-starter-json-2.5.6.jar;C:\Users\Rajul Jain\.m2\repository\org\springframework\boot\spring-boot-starter-tomcat\2.5.6\spring-boot-starter-tomcat-2.5.6.jar;C:\Users\Rajul Jain\.m2\repository\org\apache\tomcat\embed\tomcat-embed-core\9.0.54\tomcat-embed-core-9.0.54.jar;C:\Users\Rajul Jain\.m2\repository\org\apache\tomcat\embed\tomcat-embed-el\9.0.54\tomcat-embed-el-9.0.54.jar;C:\Users\Rajul Jain\.m2\repository\org\apache\tomcat\embed\tomcat-embed-websocket\9.0.54\tomcat-embed-websocket-9.0.54.jar;C:\Users\Rajul Jain\.m2\repository\org\springframework\spring-web\5.3.12\spring-web-5.3.12.jar;C:\Users\Rajul Jain\.m2\repository\org\springframework\spring-webmvc\5.3.12\spring-webmvc-5.3.12.jar;C:\Users\Rajul Jain\.m2\repository\org\springframework\spring-aop\5.3.12\spring-aop-5.3.12.jar;C:\Users\Rajul Jain\.m2\repository\org\springframework\boot\spring-boot-starter-test\2.5.6\spring-boot-starter-test-2.5.6.jar;C:\Users\Rajul Jain\.m2\repository\org\springframework\boot\spring-boot-test\2.5.6\spring-boot-test-2.5.6.jar;C:\Users\Rajul Jain\.m2\repository\org\springframework\boot\spring-boot-test-autoconfigure\2.5.6\spring-boot-test-autoconfigure-2.5.6.jar;C:\Users\Rajul Jain\.m2\repository\com\jayway\jsonpath\json-path\2.5.0\json-path-2.5.0.jar;C:\Users\Rajul Jain\.m2\repository\net\minidev\json-smart\2.4.7\json-smart-2.4.7.jar;C:\Users\Rajul Jain\.m2\repository\net\minidev\accessors-smart\2.4.7\accessors-smart-2.4.7.jar;C:\Users\Rajul Jain\.m2\repository\org\ow2\asm\asm\9.1\asm-9.1.jar;C:\Users\Rajul Jain\.m2\repository\org\slf4j\slf4j-api\1.7.32\slf4j-api-1.7.32.jar;C:\Users\Rajul Jain\.m2\repository\jakarta\xml\bind\jakarta.xml.bind-api\2.3.3\jakarta.xml.bind-api-2.3.3.jar;C:\Users\Rajul Jain\.m2\repository\jakarta\activation\jakarta.activation-api\1.2.2\jakarta.activation-api-1.2.2.jar;C:\Users\Rajul Jain\.m2\repository\org\assertj\assertj-core\3.19.0\assertj-core-3.19.0.jar;C:\Users\Rajul Jain\.m2\repository\org\hamcrest\hamcrest\2.2\hamcrest-2.2.jar;C:\Users\Rajul Jain\.m2\repository\org\junit\jupiter\junit-jupiter\5.7.2\junit-jupiter-5.7.2.jar;C:\Users\Rajul Jain\.m2\repository\org\junit\jupiter\junit-jupiter-params\5.7.2\junit-jupiter-params-5.7.2.jar;C:\Users\Rajul Jain\.m2\repository\org\junit\jupiter\junit-jupiter-engine\5.7.2\junit-jupiter-engine-5.7.2.jar;C:\Users\Rajul Jain\.m2\repository\org\junit\platform\junit-platform-engine\1.7.2\junit-platform-engine-1.7.2.jar;C:\Users\Rajul Jain\.m2\repository\org\mockito\mockito-core\3.9.0\mockito-core-3.9.0.jar;C:\Users\Rajul Jain\.m2\repository\net\bytebuddy\byte-buddy\1.10.22\byte-buddy-1.10.22.jar;C:\Users\Rajul Jain\.m2\repository\net\bytebuddy\byte-buddy-agent\1.10.22\byte-buddy-agent-1.10.22.jar;C:\Users\Rajul Jain\.m2\repository\org\objenesis\objenesis\3.2\objenesis-3.2.jar;C:\Users\Rajul Jain\.m2\repository\org\mockito\mockito-junit-jupiter\3.9.0\mockito-junit-jupiter-3.9.0.jar;C:\Users\Rajul Jain\.m2\repository\org\skyscreamer\jsonassert\1.5.0\jsonassert-1.5.0.jar;C:\Users\Rajul Jain\.m2\repository\com\vaadin\external\google\android-json\0.0.20131108.vaadin1\android-json-0.0.20131108.vaadin1.jar;C:\Users\Rajul Jain\.m2\repository\org\springframework\spring-core\5.3.12\spring-core-5.3.12.jar;C:\Users\Rajul Jain\.m2\repository\org\springframework\spring-jcl\5.3.12\spring-jcl-5.3.12.jar;C:\Users\Rajul Jain\.m2\repository\org\springframework\spring-test\5.3.12\spring-test-5.3.12.jar;C:\Users\Rajul Jain\.m2\repository\org\xmlunit\xmlunit-core\2.8.3\xmlunit-core-2.8.3.jar;C:\Users\Rajul Jain\.m2\repository\org\junit\jupiter\junit-jupiter-api\5.7.0\junit-jupiter-api-5.7.0.jar;C:\Users\Rajul Jain\.m2\repository\org\apiguardian\apiguardian-api\1.1.0\apiguardian-api-1.1.0.jar;C:\Users\Rajul Jain\.m2\repository\org\opentest4j\opentest4j\1.2.0\opentest4j-1.2.0.jar;C:\Users\Rajul Jain\.m2\repository\org\junit\platform\junit-platform-commons\1.7.2\junit-platform-commons-1.7.2.jar;C:\Users\Rajul Jain\.m2\repository\io\gatling\highcharts\gatling-charts-highcharts\3.5.0\gatling-charts-highcharts-3.5.0.jar;C:\Users\Rajul Jain\.m2\repository\org\scala-lang\scala-library\2.13.3\scala-library-2.13.3.jar;C:\Users\Rajul Jain\.m2\repository\io\gatling\gatling-app\3.5.0\gatling-app-3.5.0.jar;C:\Users\Rajul Jain\.m2\repository\io\gatling\gatling-core\3.5.0\gatling-core-3.5.0.jar;C:\Users\Rajul Jain\.m2\repository\io\gatling\gatling-commons\3.5.0\gatling-commons-3.5.0.jar;C:\Users\Rajul Jain\.m2\repository\io\gatling\gatling-commons-shared\3.5.0\gatling-commons-shared-3.5.0.jar;C:\Users\Rajul Jain\.m2\repository\org\scala-lang\scala-reflect\2.13.3\scala-reflect-2.13.3.jar;C:\Users\Rajul Jain\.m2\repository\io\suzaku\boopickle_2.13\1.3.3\boopickle_2.13-1.3.3.jar;C:\Users\Rajul Jain\.m2\repository\io\gatling\gatling-commons-shared-unstable\3.5.0\gatling-commons-shared-unstable-3.5.0.jar;C:\Users\Rajul Jain\.m2\repository\org\typelevel\spire-macros_2.13\0.17.0\spire-macros_2.13-0.17.0.jar;C:\Users\Rajul Jain\.m2\repository\com\typesafe\scala-logging\scala-logging_2.13\3.9.2\scala-logging_2.13-3.9.2.jar;C:\Users\Rajul Jain\.m2\repository\io\gatling\gatling-jsonpath\3.5.0\gatling-jsonpath-3.5.0.jar;C:\Users\Rajul Jain\.m2\repository\com\typesafe\akka\akka-slf4j_2.13\2.6.10\akka-slf4j_2.13-2.6.10.jar;C:\Users\Rajul Jain\.m2\repository\org\simpleflatmapper\lightning-csv\8.2.3\lightning-csv-8.2.3.jar;C:\Users\Rajul Jain\.m2\repository\org\simpleflatmapper\sfm-util\8.2.3\sfm-util-8.2.3.jar;C:\Users\Rajul Jain\.m2\repository\com\github\ben-manes\caffeine\caffeine\2.9.2\caffeine-2.9.2.jar;C:\Users\Rajul Jain\.m2\repository\org\checkerframework\checker-qual\3.10.0\checker-qual-3.10.0.jar;C:\Users\Rajul Jain\.m2\repository\com\google\errorprone\error_prone_annotations\2.5.1\error_prone_annotations-2.5.1.jar;C:\Users\Rajul Jain\.m2\repository\io\pebbletemplates\pebble\3.1.4\pebble-3.1.4.jar;C:\Users\Rajul Jain\.m2\repository\org\unbescape\unbescape\1.1.6.RELEASE\unbescape-1.1.6.RELEASE.jar;C:\Users\Rajul Jain\.m2\repository\org\scala-lang\modules\scala-parser-combinators_2.13\1.1.2\scala-parser-combinators_2.13-1.1.2.jar;C:\Users\Rajul Jain\.m2\repository\com\github\scopt\scopt_2.13\3.7.1\scopt_2.13-3.7.1.jar;C:\Users\Rajul Jain\.m2\repository\io\netty\netty-handler\4.1.69.Final\netty-handler-4.1.69.Final.jar;C:\Users\Rajul Jain\.m2\repository\io\netty\netty-resolver\4.1.69.Final\netty-resolver-4.1.69.Final.jar;C:\Users\Rajul Jain\.m2\repository\com\softwaremill\quicklens\quicklens_2.13\1.6.1\quicklens_2.13-1.6.1.jar;C:\Users\Rajul Jain\.m2\repository\net\sf\saxon\Saxon-HE\10.3\Saxon-HE-10.3.jar;C:\Users\Rajul Jain\.m2\repository\org\jodd\jodd-lagarto\6.0.2\jodd-lagarto-6.0.2.jar;C:\Users\Rajul Jain\.m2\repository\org\jodd\jodd-util\6.0.0\jodd-util-6.0.0.jar;C:\Users\Rajul Jain\.m2\repository\io\burt\jmespath-jackson\0.5.0\jmespath-jackson-0.5.0.jar;C:\Users\Rajul Jain\.m2\repository\io\burt\jmespath-core\0.5.0\jmespath-core-0.5.0.jar;C:\Users\Rajul Jain\.m2\repository\io\gatling\gatling-http\3.5.0\gatling-http-3.5.0.jar;C:\Users\Rajul Jain\.m2\repository\io\gatling\gatling-http-client\3.5.0\gatling-http-client-3.5.0.jar;C:\Users\Rajul Jain\.m2\repository\io\gatling\gatling-netty-util\3.5.0\gatling-netty-util-3.5.0.jar;C:\Users\Rajul Jain\.m2\repository\io\netty\netty-handler-proxy\4.1.69.Final\netty-handler-proxy-4.1.69.Final.jar;C:\Users\Rajul Jain\.m2\repository\io\netty\netty-codec-socks\4.1.69.Final\netty-codec-socks-4.1.69.Final.jar;C:\Users\Rajul Jain\.m2\repository\io\netty\netty-resolver-dns\4.1.69.Final\netty-resolver-dns-4.1.69.Final.jar;C:\Users\Rajul Jain\.m2\repository\io\netty\netty-codec-dns\4.1.69.Final\netty-codec-dns-4.1.69.Final.jar;C:\Users\Rajul Jain\.m2\repository\io\netty\netty-transport-native-epoll\4.1.69.Final\netty-transport-native-epoll-4.1.69.Final-linux-x86_64.jar;C:\Users\Rajul Jain\.m2\repository\io\netty\netty-codec-http2\4.1.69.Final\netty-codec-http2-4.1.69.Final.jar;C:\Users\Rajul Jain\.m2\repository\io\netty\netty-tcnative-boringssl-static\2.0.44.Final\netty-tcnative-boringssl-static-2.0.44.Final.jar;C:\Users\Rajul Jain\.m2\repository\io\gatling\gatling-jms\3.5.0\gatling-jms-3.5.0.jar;C:\Users\Rajul Jain\.m2\repository\javax\jms\javax.jms-api\2.0.1\javax.jms-api-2.0.1.jar;C:\Users\Rajul Jain\.m2\repository\com\eatthepath\fast-uuid\0.1\fast-uuid-0.1.jar;C:\Users\Rajul Jain\.m2\repository\io\gatling\gatling-jdbc\3.5.0\gatling-jdbc-3.5.0.jar;C:\Users\Rajul Jain\.m2\repository\io\gatling\gatling-redis\3.5.0\gatling-redis-3.5.0.jar;C:\Users\Rajul Jain\.m2\repository\net\debasishg\redisclient_2.13\3.30\redisclient_2.13-3.30.jar;C:\Users\Rajul Jain\.m2\repository\org\apache\commons\commons-pool2\2.9.0\commons-pool2-2.9.0.jar;C:\Users\Rajul Jain\.m2\repository\io\gatling\gatling-graphite\3.5.0\gatling-graphite-3.5.0.jar;C:\Users\Rajul Jain\.m2\repository\org\hdrhistogram\HdrHistogram\2.1.12\HdrHistogram-2.1.12.jar;C:\Users\Rajul Jain\.m2\repository\io\gatling\gatling-charts\3.5.0\gatling-charts-3.5.0.jar;C:\Users\Rajul Jain\.m2\repository\com\tdunning\t-digest\3.1\t-digest-3.1.jar;C:\Users\Rajul Jain\.m2\repository\io\gatling\gatling-recorder\3.5.0\gatling-recorder-3.5.0.jar;C:\Users\Rajul Jain\.m2\repository\org\scala-lang\modules\scala-swing_2.13\3.0.0\scala-swing_2.13-3.0.0.jar;C:\Users\Rajul Jain\.m2\repository\org\bouncycastle\bcpkix-jdk15on\1.67\bcpkix-jdk15on-1.67.jar;C:\Users\Rajul Jain\.m2\repository\org\bouncycastle\bcprov-jdk15on\1.67\bcprov-jdk15on-1.67.jar;C:\Users\Rajul Jain\.m2\repository\io\netty\netty-codec-http\4.1.69.Final\netty-codec-http-4.1.69.Final.jar;C:\Users\Rajul Jain\.m2\repository\io\netty\netty-common\4.1.69.Final\netty-common-4.1.69.Final.jar;C:\Users\Rajul Jain\.m2\repository\io\netty\netty-buffer\4.1.69.Final\netty-buffer-4.1.69.Final.jar;C:\Users\Rajul Jain\.m2\repository\io\netty\netty-transport\4.1.69.Final\netty-transport-4.1.69.Final.jar;C:\Users\Rajul Jain\.m2\repository\io\netty\netty-codec\4.1.69.Final\netty-codec-4.1.69.Final.jar;C:\Users\Rajul Jain\.m2\repository\com\typesafe\akka\akka-actor_2.13\2.6.10\akka-actor_2.13-2.6.10.jar;C:\Users\Rajul Jain\.m2\repository\com\typesafe\config\1.4.0\config-1.4.0.jar;C:\Users\Rajul Jain\.m2\repository\org\scala-lang\modules\scala-java8-compat_2.13\0.9.0\scala-java8-compat_2.13-0.9.0.jar;C:\Users\Rajul Jain\.m2\repository\com\google\code\gson\gson\2.9.0\gson-2.9.0.jar;C:\Users\Rajul Jain\.m2\repository\org\projectlombok\lombok\1.18.22\lombok-1.18.22.jar;C:\Users\Rajul Jain\.m2\repository\com\azure\spring\spring-cloud-azure-starter-data-cosmos\4.0.0\spring-cloud-azure-starter-data-cosmos-4.0.0.jar;C:\Users\Rajul Jain\.m2\repository\com\azure\spring\spring-cloud-azure-starter\4.0.0\spring-cloud-azure-starter-4.0.0.jar;C:\Users\Rajul Jain\.m2\repository\com\azure\spring\spring-cloud-azure-autoconfigure\4.0.0\spring-cloud-azure-autoconfigure-4.0.0.jar;C:\Users\Rajul Jain\.m2\repository\com\azure\spring\spring-cloud-azure-service\4.0.0\spring-cloud-azure-service-4.0.0.jar;C:\Users\Rajul Jain\.m2\repository\com\azure\spring\spring-cloud-azure-core\4.0.0\spring-cloud-azure-core-4.0.0.jar;C:\Users\Rajul Jain\.m2\repository\com\azure\azure-identity\1.4.6\azure-identity-1.4.6.jar;C:\Users\Rajul Jain\.m2\repository\com\microsoft\azure\msal4j\1.11.0\msal4j-1.11.0.jar;C:\Users\Rajul Jain\.m2\repository\com\nimbusds\oauth2-oidc-sdk\9.9.1\oauth2-oidc-sdk-9.9.1.jar;C:\Users\Rajul Jain\.m2\repository\com\github\stephenc\jcip\jcip-annotations\1.0-1\jcip-annotations-1.0-1.jar;C:\Users\Rajul Jain\.m2\repository\com\nimbusds\content-type\2.1\content-type-2.1.jar;C:\Users\Rajul Jain\.m2\repository\com\nimbusds\lang-tag\1.5\lang-tag-1.5.jar;C:\Users\Rajul Jain\.m2\repository\com\nimbusds\nimbus-jose-jwt\9.10.1\nimbus-jose-jwt-9.10.1.jar;C:\Users\Rajul Jain\.m2\repository\com\microsoft\azure\msal4j-persistence-extension\1.1.0\msal4j-persistence-extension-1.1.0.jar;C:\Users\Rajul Jain\.m2\repository\net\java\dev\jna\jna\5.5.0\jna-5.5.0.jar;C:\Users\Rajul Jain\.m2\repository\net\java\dev\jna\jna-platform\5.6.0\jna-platform-5.6.0.jar;C:\Users\Rajul Jain\.m2\repository\com\azure\azure-core-amqp\2.4.1\azure-core-amqp-2.4.1.jar;C:\Users\Rajul Jain\.m2\repository\com\microsoft\azure\qpid-proton-j-extensions\1.2.4\qpid-proton-j-extensions-1.2.4.jar;C:\Users\Rajul Jain\.m2\repository\org\apache\qpid\proton-j\0.33.8\proton-j-0.33.8.jar;C:\Users\Rajul Jain\.m2\repository\com\azure\azure-core-management\1.5.3\azure-core-management-1.5.3.jar;C:\Users\Rajul Jain\.m2\repository\jakarta\validation\jakarta.validation-api\2.0.2\jakarta.validation-api-2.0.2.jar;C:\Users\Rajul Jain\.m2\repository\com\azure\azure-spring-data-cosmos\3.19.0\azure-spring-data-cosmos-3.19.0.jar;C:\Users\Rajul Jain\.m2\repository\org\springframework\spring-beans\5.3.12\spring-beans-5.3.12.jar;C:\Users\Rajul Jain\.m2\repository\org\springframework\spring-context\5.3.12\spring-context-5.3.12.jar;C:\Users\Rajul Jain\.m2\repository\org\springframework\spring-tx\5.3.12\spring-tx-5.3.12.jar;C:\Users\Rajul Jain\.m2\repository\org\springframework\data\spring-data-commons\2.5.6\spring-data-commons-2.5.6.jar;C:\Users\Rajul Jain\.m2\repository\org\springframework\spring-expression\5.3.12\spring-expression-5.3.12.jar;C:\Users\Rajul Jain\.m2\repository\com\azure\azure-cosmos\4.27.0\azure-cosmos-4.27.0.jar;C:\Users\Rajul Jain\.m2\repository\com\azure\azure-core\1.26.0\azure-core-1.26.0.jar;C:\Users\Rajul Jain\.m2\repository\com\fasterxml\jackson\dataformat\jackson-dataformat-xml\2.12.5\jackson-dataformat-xml-2.12.5.jar;C:\Users\Rajul Jain\.m2\repository\com\fasterxml\jackson\module\jackson-module-jaxb-annotations\2.12.5\jackson-module-jaxb-annotations-2.12.5.jar;C:\Users\Rajul Jain\.m2\repository\org\codehaus\woodstox\stax2-api\4.2.1\stax2-api-4.2.1.jar;C:\Users\Rajul Jain\.m2\repository\com\fasterxml\woodstox\woodstox-core\6.2.4\woodstox-core-6.2.4.jar;C:\Users\Rajul Jain\.m2\repository\com\azure\azure-core-http-netty\1.11.8\azure-core-http-netty-1.11.8.jar;C:\Users\Rajul Jain\.m2\repository\io\netty\netty-transport-native-unix-common\4.1.69.Final\netty-transport-native-unix-common-4.1.69.Final.jar;C:\Users\Rajul Jain\.m2\repository\io\netty\netty-transport-native-kqueue\4.1.69.Final\netty-transport-native-kqueue-4.1.69.Final-osx-x86_64.jar;C:\Users\Rajul Jain\.m2\repository\io\projectreactor\netty\reactor-netty-http\1.0.12\reactor-netty-http-1.0.12.jar;C:\Users\Rajul Jain\.m2\repository\io\netty\netty-resolver-dns-native-macos\4.1.69.Final\netty-resolver-dns-native-macos-4.1.69.Final-osx-x86_64.jar;C:\Users\Rajul Jain\.m2\repository\io\projectreactor\netty\reactor-netty-core\1.0.12\reactor-netty-core-1.0.12.jar;C:\Users\Rajul Jain\.m2\repository\com\fasterxml\jackson\module\jackson-module-afterburner\2.12.5\jackson-module-afterburner-2.12.5.jar;C:\Users\Rajul Jain\.m2\repository\io\dropwizard\metrics\metrics-core\4.1.26\metrics-core-4.1.26.jar;C:\Users\Rajul Jain\.m2\repository\io\micrometer\micrometer-core\1.7.5\micrometer-core-1.7.5.jar;C:\Users\Rajul Jain\.m2\repository\org\latencyutils\LatencyUtils\2.0.3\LatencyUtils-2.0.3.jar;C:\Users\Rajul Jain\.m2\repository\com\fasterxml\jackson\module\jackson-module-parameter-names\2.12.5\jackson-module-parameter-names-2.12.5.jar;C:\Users\Rajul Jain\.m2\repository\com\fasterxml\jackson\datatype\jackson-datatype-jdk8\2.12.5\jackson-datatype-jdk8-2.12.5.jar;C:\Users\Rajul Jain\.m2\repository\com\fasterxml\jackson\datatype\jackson-datatype-jsr310\2.12.5\jackson-datatype-jsr310-2.12.5.jar;C:\Users\Rajul Jain\.m2\repository\org\javatuples\javatuples\1.2\javatuples-1.2.jar;C:\Users\Rajul Jain\.m2\repository\org\apache\commons\commons-lang3\3.12.0\commons-lang3-3.12.0.jar;"/>
    <property name="sun.cpu.endian" value="little"/>
    <property name="user.home" value="C:\Users\Rajul Jain"/>
    <property name="user.language" value="en"/>
    <property name="java.specification.vendor" value="Oracle Corporation"/>
    <property name="java.version.date" value="2021-10-19"/>
    <property name="java.home" value="C:\Program Files\Java\jdk-11.0.13"/>
    <property name="file.separator" value="\"/>
    <property name="basedir" value="C:\workspace\ns\AzureFunction"/>
    <property name="java.vm.compressedOopsMode" value="Zero based"/>
    <property name="line.separator" value="&#10;"/>
    <property name="java.specification.name" value="Java Platform API Specification"/>
    <property name="java.vm.specification.vendor" value="Oracle Corporation"/>
    <property name="java.awt.graphicsenv" value="sun.awt.Win32GraphicsEnvironment"/>
    <property name="surefire.real.class.path" value="C:\Users\RAJULJ~1\AppData\Local\Temp\surefire8792961586393837502\surefirebooter6586355884172970658.jar"/>
    <property name="user.script" value=""/>
    <property name="sun.management.compiler" value="HotSpot 64-Bit Tiered Compilers"/>
    <property name="java.runtime.version" value="11.0.13+10-LTS-370"/>
    <property name="user.name" value="Rajul Jain"/>
    <property name="path.separator" value=";"/>
    <property name="os.version" value="10.0"/>
    <property name="java.runtime.name" value="Java(TM) SE Runtime Environment"/>
    <property name="file.encoding" value="Cp1252"/>
    <property name="java.vm.name" value="Java HotSpot(TM) 64-Bit Server VM"/>
    <property name="java.vendor.version" value="18.9"/>
    <property name="localRepository" value="C:\Users\Rajul Jain\.m2\repository"/>
    <property name="java.vendor.url.bug" value="https://bugreport.java.com/bugreport/"/>
    <property name="java.io.tmpdir" value="C:\Users\RAJULJ~1\AppData\Local\Temp\"/>
    <property name="java.version" value="11.0.13"/>
    <property name="user.dir" value="C:\workspace\ns\AzureFunction"/>
    <property name="os.arch" value="amd64"/>
    <property name="java.vm.specification.name" value="Java Virtual Machine Specification"/>
    <property name="java.awt.printerjob" value="sun.awt.windows.WPrinterJob"/>
    <property name="sun.os.patch.level" value=""/>
    <property name="java.library.path" value="C:\Program Files\Java\jdk-11.0.13\bin;C:\WINDOWS\Sun\Java\bin;C:\WINDOWS\system32;C:\WINDOWS;C:\Program Files\Common Files\Oracle\Java\javapath;C:\Program Files (x86)\Common Files\Oracle\Java\javapath;C:\WINDOWS\system32;C:\WINDOWS;C:\WINDOWS\System32\Wbem;C:\WINDOWS\System32\WindowsPowerShell\v1.0\;C:\WINDOWS\System32\OpenSSH\;C:\Program Files\Intel\WiFi\bin\;C:\Program Files\Common Files\Intel\WirelessCommon\;C:\Program Files\PuTTY\;C:\Program Files\Microsoft\Azure Functions Core Tools\;C:\Program Files\Git\cmd;C:\software\apache-maven-3.8.5\bin;C:\Program Files\Java\jdk-11.0.13\bin;C:\Users\Rajul Jain\AppData\Local\Microsoft\WindowsApps;."/>
    <property name="java.vendor" value="Oracle Corporation"/>
    <property name="java.vm.info" value="mixed mode"/>
    <property name="java.vm.version" value="11.0.13+10-LTS-370"/>
    <property name="sun.io.unicode.encoding" value="UnicodeLittle"/>
    <property name="java.class.version" value="55.0"/>
  </properties>
  <testcase name="contextLoads" classname="com.ns.rivier.tokenvault.TokenvaultApplicationTests" time="0.342"/>
</testsuite>